<?xml version="1.0" encoding="UTF-8"?>
<testng-results ignored="0" total="1" passed="1" failed="0" skipped="0">
  <reporter-output>
  </reporter-output>
  <suite started-at="2025-07-25T15:06:16 IST" name="Default suite" finished-at="2025-07-25T15:06:41 IST" duration-ms="25062">
    <groups>
    </groups>
    <test started-at="2025-07-25T15:06:16 IST" name="Default test" finished-at="2025-07-25T15:06:41 IST" duration-ms="25062">
      <class name="LocatorsDemo.LinkTextandPartialLink">
        <test-method is-config="true" signature="linkText()[pri:0, instance:LocatorsDemo.LinkTextandPartialLink@77c2494c]" started-at="2025-07-25T15:06:16 IST" name="linkText" finished-at="2025-07-25T15:06:19 IST" duration-ms="2359" status="PASS">
          <reporter-output>
          </reporter-output>
        </test-method> <!-- linkText -->
        <test-method signature="linkTest()[pri:0, instance:LocatorsDemo.LinkTextandPartialLink@77c2494c]" started-at="2025-07-25T15:06:19 IST" name="linkTest" finished-at="2025-07-25T15:06:41 IST" duration-ms="22676" status="PASS">
          <reporter-output>
          </reporter-output>
        </test-method> <!-- linkTest -->
      </class> <!-- LocatorsDemo.LinkTextandPartialLink -->
    </test> <!-- Default test -->
  </suite> <!-- Default suite -->
</testng-results>
